{"/Users/sonakshibhardwaj/Desktop/namaste-react/src/components/Body.js": {"path":"/Users/sonakshibhardwaj/Desktop/namaste-react/src/components/Body.js","statementMap":{"0":{"start":{"line":8,"column":13},"end":{"line":103,"column":1}},"1":{"start":{"line":9,"column":28},"end":{"line":9,"column":46}},"2":{"start":{"line":10,"column":40},"end":{"line":10,"column":58}},"3":{"start":{"line":11,"column":44},"end":{"line":11,"column":56}},"4":{"start":{"line":13,"column":26},"end":{"line":13,"column":43}},"5":{"start":{"line":14,"column":40},"end":{"line":14,"column":63}},"6":{"start":{"line":16,"column":28},"end":{"line":19,"column":5}},"7":{"start":{"line":17,"column":29},"end":{"line":17,"column":82}},"8":{"start":{"line":17,"column":50},"end":{"line":17,"column":81}},"9":{"start":{"line":18,"column":8},"end":{"line":18,"column":29}},"10":{"start":{"line":21,"column":33},"end":{"line":21,"column":62}},"11":{"start":{"line":23,"column":4},"end":{"line":25,"column":9}},"12":{"start":{"line":24,"column":8},"end":{"line":24,"column":20}},"13":{"start":{"line":27,"column":22},"end":{"line":37,"column":5}},"14":{"start":{"line":28,"column":8},"end":{"line":36,"column":9}},"15":{"start":{"line":29,"column":29},"end":{"line":29,"column":176}},"16":{"start":{"line":30,"column":25},"end":{"line":30,"column":46}},"17":{"start":{"line":32,"column":12},"end":{"line":32,"column":105}},"18":{"start":{"line":33,"column":12},"end":{"line":33,"column":98}},"19":{"start":{"line":35,"column":12},"end":{"line":35,"column":39}},"20":{"start":{"line":39,"column":4},"end":{"line":39,"column":113}},"21":{"start":{"line":39,"column":32},"end":{"line":39,"column":113}},"22":{"start":{"line":42,"column":4},"end":{"line":102,"column":5}},"23":{"start":{"line":55,"column":48},"end":{"line":55,"column":77}},"24":{"start":{"line":62,"column":32},"end":{"line":67,"column":33}},"25":{"start":{"line":63,"column":57},"end":{"line":63,"column":150}},"26":{"start":{"line":63,"column":86},"end":{"line":63,"column":149}},"27":{"start":{"line":64,"column":36},"end":{"line":64,"column":57}},"28":{"start":{"line":66,"column":36},"end":{"line":66,"column":57}},"29":{"start":{"line":74,"column":144},"end":{"line":74,"column":171}},"30":{"start":{"line":87,"column":32},"end":{"line":96,"column":39}}},"fnMap":{"0":{"name":"(anonymous_0)","decl":{"start":{"line":8,"column":13},"end":{"line":8,"column":14}},"loc":{"start":{"line":8,"column":19},"end":{"line":103,"column":1}},"line":8},"1":{"name":"(anonymous_1)","decl":{"start":{"line":16,"column":28},"end":{"line":16,"column":29}},"loc":{"start":{"line":16,"column":34},"end":{"line":19,"column":5}},"line":16},"2":{"name":"(anonymous_2)","decl":{"start":{"line":17,"column":41},"end":{"line":17,"column":42}},"loc":{"start":{"line":17,"column":50},"end":{"line":17,"column":81}},"line":17},"3":{"name":"(anonymous_3)","decl":{"start":{"line":23,"column":20},"end":{"line":23,"column":21}},"loc":{"start":{"line":23,"column":24},"end":{"line":25,"column":5}},"line":23},"4":{"name":"(anonymous_4)","decl":{"start":{"line":27,"column":22},"end":{"line":27,"column":23}},"loc":{"start":{"line":27,"column":34},"end":{"line":37,"column":5}},"line":27},"5":{"name":"(anonymous_5)","decl":{"start":{"line":55,"column":42},"end":{"line":55,"column":43}},"loc":{"start":{"line":55,"column":47},"end":{"line":55,"column":78}},"line":55},"6":{"name":"(anonymous_6)","decl":{"start":{"line":59,"column":41},"end":{"line":59,"column":42}},"loc":{"start":{"line":59,"column":45},"end":{"line":68,"column":29}},"line":59},"7":{"name":"(anonymous_7)","decl":{"start":{"line":63,"column":77},"end":{"line":63,"column":78}},"loc":{"start":{"line":63,"column":86},"end":{"line":63,"column":149}},"line":63},"8":{"name":"(anonymous_8)","decl":{"start":{"line":74,"column":139},"end":{"line":74,"column":140}},"loc":{"start":{"line":74,"column":144},"end":{"line":74,"column":171}},"line":74},"9":{"name":"(anonymous_9)","decl":{"start":{"line":86,"column":38},"end":{"line":86,"column":39}},"loc":{"start":{"line":87,"column":32},"end":{"line":96,"column":39}},"line":87}},"branchMap":{"0":{"loc":{"start":{"line":39,"column":4},"end":{"line":39,"column":113}},"type":"if","locations":[{"start":{"line":39,"column":4},"end":{"line":39,"column":113}},{"start":{},"end":{}}],"line":39},"1":{"loc":{"start":{"line":43,"column":8},"end":{"line":101,"column":13}},"type":"cond-expr","locations":[{"start":{"line":44,"column":14},"end":{"line":44,"column":25}},{"start":{"line":46,"column":16},"end":{"line":100,"column":22}}],"line":43},"2":{"loc":{"start":{"line":62,"column":32},"end":{"line":67,"column":33}},"type":"if","locations":[{"start":{"line":62,"column":32},"end":{"line":67,"column":33}},{"start":{"line":65,"column":37},"end":{"line":67,"column":33}}],"line":62},"3":{"loc":{"start":{"line":92,"column":40},"end":{"line":94,"column":91}},"type":"cond-expr","locations":[{"start":{"line":93,"column":46},"end":{"line":93,"column":98}},{"start":{"line":94,"column":46},"end":{"line":94,"column":91}}],"line":92}},"s":{"0":1,"1":7,"2":7,"3":7,"4":7,"5":7,"6":7,"7":1,"8":8,"9":1,"10":7,"11":7,"12":2,"13":7,"14":2,"15":2,"16":2,"17":2,"18":2,"19":0,"20":7,"21":0,"22":7,"23":1,"24":1,"25":1,"26":8,"27":1,"28":0,"29":0,"30":33},"f":{"0":7,"1":1,"2":8,"3":2,"4":2,"5":1,"6":1,"7":8,"8":0,"9":33},"b":{"0":[0,7],"1":[2,5],"2":[1,0],"3":[33,0]},"_coverageSchema":"1a1c01bbd47fc00a2c39e90264f33305004495a9","hash":"8901ff140fc9a5cc4c046a58ecaa53e2de9fe6f8"}
,"/Users/sonakshibhardwaj/Desktop/namaste-react/src/components/Contact.js": {"path":"/Users/sonakshibhardwaj/Desktop/namaste-react/src/components/Contact.js","statementMap":{"0":{"start":{"line":4,"column":2},"end":{"line":13,"column":3}}},"fnMap":{"0":{"name":"Contact","decl":{"start":{"line":3,"column":9},"end":{"line":3,"column":16}},"loc":{"start":{"line":3,"column":19},"end":{"line":14,"column":1}},"line":3}},"branchMap":{},"s":{"0":4},"f":{"0":4},"b":{},"_coverageSchema":"1a1c01bbd47fc00a2c39e90264f33305004495a9","hash":"ff78e87d0d605b725e79818c9871dac9886f6885"}
,"/Users/sonakshibhardwaj/Desktop/namaste-react/src/components/Header.js": {"path":"/Users/sonakshibhardwaj/Desktop/namaste-react/src/components/Header.js","statementMap":{"0":{"start":{"line":8,"column":15},"end":{"line":40,"column":1}},"1":{"start":{"line":9,"column":34},"end":{"line":9,"column":52}},"2":{"start":{"line":10,"column":19},"end":{"line":10,"column":36}},"3":{"start":{"line":11,"column":27},"end":{"line":11,"column":50}},"4":{"start":{"line":14,"column":21},"end":{"line":14,"column":60}},"5":{"start":{"line":14,"column":43},"end":{"line":14,"column":59}},"6":{"start":{"line":16,"column":4},"end":{"line":39,"column":5}},"7":{"start":{"line":32,"column":38},"end":{"line":32,"column":96}},"8":{"start":{"line":32,"column":56},"end":{"line":32,"column":95}}},"fnMap":{"0":{"name":"(anonymous_0)","decl":{"start":{"line":8,"column":15},"end":{"line":8,"column":16}},"loc":{"start":{"line":8,"column":21},"end":{"line":40,"column":1}},"line":8},"1":{"name":"(anonymous_1)","decl":{"start":{"line":14,"column":33},"end":{"line":14,"column":34}},"loc":{"start":{"line":14,"column":43},"end":{"line":14,"column":59}},"line":14},"2":{"name":"(anonymous_2)","decl":{"start":{"line":32,"column":33},"end":{"line":32,"column":34}},"loc":{"start":{"line":32,"column":37},"end":{"line":32,"column":97}},"line":32},"3":{"name":"(anonymous_3)","decl":{"start":{"line":32,"column":49},"end":{"line":32,"column":50}},"loc":{"start":{"line":32,"column":56},"end":{"line":32,"column":95}},"line":32}},"branchMap":{"0":{"loc":{"start":{"line":23,"column":65},"end":{"line":23,"column":84}},"type":"cond-expr","locations":[{"start":{"line":23,"column":74},"end":{"line":23,"column":77}},{"start":{"line":23,"column":80},"end":{"line":23,"column":84}}],"line":23},"1":{"loc":{"start":{"line":32,"column":56},"end":{"line":32,"column":95}},"type":"cond-expr","locations":[{"start":{"line":32,"column":76},"end":{"line":32,"column":84}},{"start":{"line":32,"column":86},"end":{"line":32,"column":95}}],"line":32}},"s":{"0":1,"1":1,"2":1,"3":1,"4":1,"5":2,"6":1,"7":0,"8":0},"f":{"0":1,"1":2,"2":0,"3":0},"b":{"0":[1,0],"1":[0,0]},"_coverageSchema":"1a1c01bbd47fc00a2c39e90264f33305004495a9","hash":"f06b389115220fe0a4eac7f007d798d59ee5ca06"}
,"/Users/sonakshibhardwaj/Desktop/namaste-react/src/components/ItemList.js": {"path":"/Users/sonakshibhardwaj/Desktop/namaste-react/src/components/ItemList.js","statementMap":{"0":{"start":{"line":6,"column":17},"end":{"line":46,"column":1}},"1":{"start":{"line":7,"column":19},"end":{"line":7,"column":32}},"2":{"start":{"line":9,"column":21},"end":{"line":11,"column":3}},"3":{"start":{"line":10,"column":4},"end":{"line":10,"column":28}},"4":{"start":{"line":13,"column":2},"end":{"line":45,"column":3}},"5":{"start":{"line":17,"column":12},"end":{"line":41,"column":13}},"6":{"start":{"line":33,"column":43},"end":{"line":33,"column":63}}},"fnMap":{"0":{"name":"(anonymous_0)","decl":{"start":{"line":6,"column":17},"end":{"line":6,"column":18}},"loc":{"start":{"line":6,"column":30},"end":{"line":46,"column":1}},"line":6},"1":{"name":"(anonymous_1)","decl":{"start":{"line":9,"column":21},"end":{"line":9,"column":22}},"loc":{"start":{"line":9,"column":31},"end":{"line":11,"column":3}},"line":9},"2":{"name":"(anonymous_2)","decl":{"start":{"line":16,"column":19},"end":{"line":16,"column":20}},"loc":{"start":{"line":16,"column":31},"end":{"line":42,"column":9}},"line":16},"3":{"name":"(anonymous_3)","decl":{"start":{"line":33,"column":39},"end":{"line":33,"column":40}},"loc":{"start":{"line":33,"column":43},"end":{"line":33,"column":63}},"line":33}},"branchMap":{"0":{"loc":{"start":{"line":20,"column":26},"end":{"line":20,"column":96}},"type":"cond-expr","locations":[{"start":{"line":20,"column":56},"end":{"line":20,"column":74}},{"start":{"line":20,"column":77},"end":{"line":20,"column":96}}],"line":20},"1":{"loc":{"start":{"line":23,"column":31},"end":{"line":23,"column":96}},"type":"binary-expr","locations":[{"start":{"line":23,"column":31},"end":{"line":23,"column":58}},{"start":{"line":23,"column":62},"end":{"line":23,"column":96}}],"line":23}},"s":{"0":1,"1":1,"2":1,"3":0,"4":1,"5":20,"6":0},"f":{"0":1,"1":0,"2":20,"3":0},"b":{"0":[20,0],"1":[20,0]},"_coverageSchema":"1a1c01bbd47fc00a2c39e90264f33305004495a9","hash":"66747f8963a3ff855c5c97dff38d2e795f7fa4cb"}
,"/Users/sonakshibhardwaj/Desktop/namaste-react/src/components/RestaurantCard.js": {"path":"/Users/sonakshibhardwaj/Desktop/namaste-react/src/components/RestaurantCard.js","statementMap":{"0":{"start":{"line":5,"column":23},"end":{"line":24,"column":1}},"1":{"start":{"line":6,"column":29},"end":{"line":6,"column":34}},"2":{"start":{"line":7,"column":70},"end":{"line":7,"column":89}},"3":{"start":{"line":9,"column":27},"end":{"line":9,"column":50}},"4":{"start":{"line":10,"column":4},"end":{"line":23,"column":5}},"5":{"start":{"line":26,"column":29},"end":{"line":35,"column":1}},"6":{"start":{"line":27,"column":4},"end":{"line":34,"column":5}},"7":{"start":{"line":28,"column":8},"end":{"line":33,"column":9}}},"fnMap":{"0":{"name":"(anonymous_0)","decl":{"start":{"line":5,"column":23},"end":{"line":5,"column":24}},"loc":{"start":{"line":5,"column":34},"end":{"line":24,"column":1}},"line":5},"1":{"name":"(anonymous_1)","decl":{"start":{"line":26,"column":29},"end":{"line":26,"column":30}},"loc":{"start":{"line":26,"column":49},"end":{"line":35,"column":1}},"line":26},"2":{"name":"(anonymous_2)","decl":{"start":{"line":27,"column":11},"end":{"line":27,"column":12}},"loc":{"start":{"line":27,"column":21},"end":{"line":34,"column":5}},"line":27}},"branchMap":{},"s":{"0":2,"1":35,"2":35,"3":35,"4":35,"5":2,"6":8,"7":34},"f":{"0":35,"1":8,"2":34},"b":{},"_coverageSchema":"1a1c01bbd47fc00a2c39e90264f33305004495a9","hash":"9bf9c2f7db0ca5dc1ddc2a420cbfefa037004310"}
,"/Users/sonakshibhardwaj/Desktop/namaste-react/src/components/RestaurantMenu.js": {"path":"/Users/sonakshibhardwaj/Desktop/namaste-react/src/components/RestaurantMenu.js","statementMap":{"0":{"start":{"line":7,"column":23},"end":{"line":37,"column":1}},"1":{"start":{"line":8,"column":22},"end":{"line":8,"column":33}},"2":{"start":{"line":9,"column":20},"end":{"line":9,"column":44}},"3":{"start":{"line":10,"column":38},"end":{"line":10,"column":55}},"4":{"start":{"line":12,"column":4},"end":{"line":12,"column":44}},"5":{"start":{"line":12,"column":26},"end":{"line":12,"column":44}},"6":{"start":{"line":14,"column":48},"end":{"line":14,"column":85}},"7":{"start":{"line":15,"column":25},"end":{"line":15,"column":157}},"8":{"start":{"line":15,"column":105},"end":{"line":15,"column":156}},"9":{"start":{"line":17,"column":4},"end":{"line":36,"column":5}},"10":{"start":{"line":23,"column":20},"end":{"line":32,"column":21}}},"fnMap":{"0":{"name":"(anonymous_0)","decl":{"start":{"line":7,"column":23},"end":{"line":7,"column":24}},"loc":{"start":{"line":7,"column":29},"end":{"line":37,"column":1}},"line":7},"1":{"name":"(anonymous_1)","decl":{"start":{"line":15,"column":96},"end":{"line":15,"column":97}},"loc":{"start":{"line":15,"column":105},"end":{"line":15,"column":156}},"line":15},"2":{"name":"(anonymous_2)","decl":{"start":{"line":22,"column":34},"end":{"line":22,"column":35}},"loc":{"start":{"line":22,"column":48},"end":{"line":33,"column":17}},"line":22}},"branchMap":{"0":{"loc":{"start":{"line":12,"column":4},"end":{"line":12,"column":44}},"type":"if","locations":[{"start":{"line":12,"column":4},"end":{"line":12,"column":44}},{"start":{},"end":{}}],"line":12}},"s":{"0":1,"1":3,"2":3,"3":3,"4":3,"5":1,"6":2,"7":2,"8":20,"9":2,"10":16},"f":{"0":3,"1":20,"2":16},"b":{"0":[1,2]},"_coverageSchema":"1a1c01bbd47fc00a2c39e90264f33305004495a9","hash":"40d9b6cc79772fc513c923ad8047fadc57d1edc1"}
,"/Users/sonakshibhardwaj/Desktop/namaste-react/src/utils/appStore.js": {"path":"/Users/sonakshibhardwaj/Desktop/namaste-react/src/utils/appStore.js","statementMap":{"0":{"start":{"line":4,"column":17},"end":{"line":8,"column":2}}},"fnMap":{},"branchMap":{},"s":{"0":1},"f":{},"b":{},"_coverageSchema":"1a1c01bbd47fc00a2c39e90264f33305004495a9","hash":"b59b5006b48c1f4c4d06f4cfc4dcde7de59f0566"}
}
