TN:
SF:src/components/Body.js
FN:8,(anonymous_0)
FN:16,(anonymous_1)
FN:17,(anonymous_2)
FN:23,(anonymous_3)
FN:27,(anonymous_4)
FN:55,(anonymous_5)
FN:59,(anonymous_6)
FN:63,(anonymous_7)
FN:74,(anonymous_8)
FN:86,(anonymous_9)
FNF:10
FNH:9
FNDA:7,(anonymous_0)
FNDA:1,(anonymous_1)
FNDA:8,(anonymous_2)
FNDA:2,(anonymous_3)
FNDA:2,(anonymous_4)
FNDA:1,(anonymous_5)
FNDA:1,(anonymous_6)
FNDA:8,(anonymous_7)
FNDA:0,(anonymous_8)
FNDA:33,(anonymous_9)
DA:8,1
DA:9,7
DA:10,7
DA:11,7
DA:13,7
DA:14,7
DA:16,7
DA:17,8
DA:18,1
DA:21,7
DA:23,7
DA:24,2
DA:27,7
DA:28,2
DA:29,2
DA:30,2
DA:32,2
DA:33,2
DA:35,0
DA:39,7
DA:42,7
DA:55,1
DA:62,1
DA:63,8
DA:64,1
DA:66,0
DA:74,0
DA:87,33
LF:28
LH:25
BRDA:39,0,0,0
BRDA:39,0,1,7
BRDA:43,1,0,2
BRDA:43,1,1,5
BRDA:62,2,0,1
BRDA:62,2,1,0
BRDA:92,3,0,33
BRDA:92,3,1,0
BRF:8
BRH:5
end_of_record
TN:
SF:src/components/Contact.js
FN:3,Contact
FNF:1
FNH:1
FNDA:4,Contact
DA:4,4
LF:1
LH:1
BRF:0
BRH:0
end_of_record
TN:
SF:src/components/Header.js
FN:8,(anonymous_0)
FN:14,(anonymous_1)
FN:32,(anonymous_2)
FN:32,(anonymous_3)
FNF:4
FNH:2
FNDA:1,(anonymous_0)
FNDA:2,(anonymous_1)
FNDA:0,(anonymous_2)
FNDA:0,(anonymous_3)
DA:8,1
DA:9,1
DA:10,1
DA:11,1
DA:14,2
DA:16,1
DA:32,0
LF:7
LH:6
BRDA:23,0,0,1
BRDA:23,0,1,0
BRDA:32,1,0,0
BRDA:32,1,1,0
BRF:4
BRH:1
end_of_record
TN:
SF:src/components/ItemList.js
FN:6,(anonymous_0)
FN:9,(anonymous_1)
FN:16,(anonymous_2)
FN:33,(anonymous_3)
FNF:4
FNH:2
FNDA:1,(anonymous_0)
FNDA:0,(anonymous_1)
FNDA:20,(anonymous_2)
FNDA:0,(anonymous_3)
DA:6,1
DA:7,1
DA:9,1
DA:10,0
DA:13,1
DA:17,20
DA:33,0
LF:7
LH:5
BRDA:20,0,0,20
BRDA:20,0,1,0
BRDA:23,1,0,20
BRDA:23,1,1,0
BRF:4
BRH:2
end_of_record
TN:
SF:src/components/RestaurantCard.js
FN:5,(anonymous_0)
FN:26,(anonymous_1)
FN:27,(anonymous_2)
FNF:3
FNH:3
FNDA:35,(anonymous_0)
FNDA:8,(anonymous_1)
FNDA:34,(anonymous_2)
DA:5,2
DA:6,35
DA:7,35
DA:9,35
DA:10,35
DA:26,2
DA:27,8
DA:28,34
LF:8
LH:8
BRF:0
BRH:0
end_of_record
TN:
SF:src/components/RestaurantMenu.js
FN:7,(anonymous_0)
FN:15,(anonymous_1)
FN:22,(anonymous_2)
FNF:3
FNH:3
FNDA:3,(anonymous_0)
FNDA:20,(anonymous_1)
FNDA:16,(anonymous_2)
DA:7,1
DA:8,3
DA:9,3
DA:10,3
DA:12,3
DA:14,2
DA:15,20
DA:17,2
DA:23,16
LF:9
LH:9
BRDA:12,0,0,1
BRDA:12,0,1,2
BRF:2
BRH:2
end_of_record
TN:
SF:src/utils/appStore.js
FNF:0
FNH:0
DA:4,1
LF:1
LH:1
BRF:0
BRH:0
end_of_record
